2018-07-12 01:15:55.426  INFO 2596 --- [main] com.kanma.MybatisDemoApplication         : Starting MybatisDemoApplication on DESKTOP-MaKang with PID 2596 (D:\Projects\IdeaProjects\mybatis-demo\target\classes started by MaKang in D:\Projects\IdeaProjects\mybatis-demo)
2018-07-12 01:15:55.489  INFO 2596 --- [main] com.kanma.MybatisDemoApplication         : No active profile set, falling back to default profiles: default
2018-07-12 01:15:56.520  INFO 2596 --- [main] ConfigServletWebServerApplicationContext : Refreshing org.springframework.boot.web.servlet.context.AnnotationConfigServletWebServerApplicationContext@47f4e407: startup date [Thu Jul 12 01:15:56 CST 2018]; root of context hierarchy
2018-07-12 01:16:05.968  INFO 2596 --- [main] o.s.b.w.embedded.tomcat.TomcatWebServer  : Tomcat initialized with port(s): 8080 (http)
2018-07-12 01:16:06.395  INFO 2596 --- [main] o.apache.catalina.core.StandardService   : Starting service [Tomcat]
2018-07-12 01:16:06.395  INFO 2596 --- [main] org.apache.catalina.core.StandardEngine  : Starting Servlet Engine: Apache Tomcat/8.5.28
2018-07-12 01:16:06.520  INFO 2596 --- [localhost-startStop-1] o.a.catalina.core.AprLifecycleListener   : The APR based Apache Tomcat Native library which allows optimal performance in production environments was not found on the java.library.path: [D:\Program Files\Java\jdk1.8.0_162\bin;C:\WINDOWS\Sun\Java\bin;C:\WINDOWS\system32;C:\WINDOWS;C:\WINDOWS\system32;C:\WINDOWS;C:\WINDOWS\System32\Wbem;C:\WINDOWS\System32\WindowsPowerShell\v1.0\;D:\Program Files\Java\jdk1.8.0_162\bin;D:\Program Files\MySQL\MySQL Server 5.7\bin;D:\Program Files\nodejs\;D:\Program Files\maven-3.5.3\bin;C:\Program Files\Git\cmd;C:\WINDOWS\System32\OpenSSH\;C:\Users\MaKang\AppData\Local\Microsoft\WindowsApps;;D:\Program Files\Microsoft VS Code\bin;C:\Users\MaKang\AppData\Roaming\npm;.]
2018-07-12 01:16:08.686  INFO 2596 --- [localhost-startStop-1] o.a.c.c.C.[Tomcat].[localhost].[/]       : Initializing Spring embedded WebApplicationContext
2018-07-12 01:16:08.687  INFO 2596 --- [localhost-startStop-1] o.s.web.context.ContextLoader            : Root WebApplicationContext: initialization completed in 12183 ms
2018-07-12 01:16:09.287  INFO 2596 --- [localhost-startStop-1] o.s.b.w.servlet.ServletRegistrationBean  : Servlet dispatcherServlet mapped to [/]
2018-07-12 01:16:09.287  INFO 2596 --- [localhost-startStop-1] o.s.b.w.servlet.ServletRegistrationBean  : Servlet statViewServlet mapped to [/druid/*]
2018-07-12 01:16:09.303  INFO 2596 --- [localhost-startStop-1] o.s.b.w.servlet.FilterRegistrationBean   : Mapping filter: 'characterEncodingFilter' to: [/*]
2018-07-12 01:16:09.303  INFO 2596 --- [localhost-startStop-1] o.s.b.w.servlet.FilterRegistrationBean   : Mapping filter: 'hiddenHttpMethodFilter' to: [/*]
2018-07-12 01:16:09.303  INFO 2596 --- [localhost-startStop-1] o.s.b.w.servlet.FilterRegistrationBean   : Mapping filter: 'httpPutFormContentFilter' to: [/*]
2018-07-12 01:16:09.303  INFO 2596 --- [localhost-startStop-1] o.s.b.w.servlet.FilterRegistrationBean   : Mapping filter: 'requestContextFilter' to: [/*]
2018-07-12 01:16:09.303  INFO 2596 --- [localhost-startStop-1] o.s.b.w.servlet.FilterRegistrationBean   : Mapping filter: 'webStatFilter' to urls: [/*]
2018-07-12 01:16:09.700  INFO 2596 --- [main] c.a.d.s.b.a.DruidDataSourceAutoConfigure : Init DruidDataSource
2018-07-12 01:16:12.521  INFO 2596 --- [main] com.alibaba.druid.pool.DruidDataSource   : {dataSource-1} inited
2018-07-12 01:16:17.753  INFO 2596 --- [main] s.w.s.m.m.a.RequestMappingHandlerAdapter : Looking for @ControllerAdvice: org.springframework.boot.web.servlet.context.AnnotationConfigServletWebServerApplicationContext@47f4e407: startup date [Thu Jul 12 01:15:56 CST 2018]; root of context hierarchy
2018-07-12 01:16:18.033  INFO 2596 --- [main] s.w.s.m.m.a.RequestMappingHandlerMapping : Mapped "{[/items/list],methods=[GET]}" onto public java.util.List<com.kanma.model.ItemsDomain> com.kanma.controller.ItemsController.findAll()
2018-07-12 01:16:18.040  INFO 2596 --- [main] s.w.s.m.m.a.RequestMappingHandlerMapping : Mapped "{[/user/{id}],methods=[GET]}" onto public com.kanma.model.User com.kanma.controller.ItemsController.selectUserById(java.lang.Integer)
2018-07-12 01:16:18.041  INFO 2596 --- [main] s.w.s.m.m.a.RequestMappingHandlerMapping : Mapped "{[/items/add],methods=[POST]}" onto public int com.kanma.controller.ItemsController.addUser(com.kanma.model.User)
2018-07-12 01:16:18.043  INFO 2596 --- [main] s.w.s.m.m.a.RequestMappingHandlerMapping : Mapped "{[/orders],methods=[GET]}" onto public java.util.List<com.kanma.model.Orders> com.kanma.controller.OrdersController.findOrdersUser()
2018-07-12 01:16:18.044  INFO 2596 --- [main] s.w.s.m.m.a.RequestMappingHandlerMapping : Mapped "{[/orders/details],methods=[GET]}" onto public java.util.List<com.kanma.model.Orders> com.kanma.controller.OrdersController.findOrdersAndDetails()
2018-07-12 01:16:18.058  INFO 2596 --- [main] s.w.s.m.m.a.RequestMappingHandlerMapping : Mapped "{[/error]}" onto public org.springframework.http.ResponseEntity<java.util.Map<java.lang.String, java.lang.Object>> org.springframework.boot.autoconfigure.web.servlet.error.BasicErrorController.error(javax.servlet.http.HttpServletRequest)
2018-07-12 01:16:18.060  INFO 2596 --- [main] s.w.s.m.m.a.RequestMappingHandlerMapping : Mapped "{[/error],produces=[text/html]}" onto public org.springframework.web.servlet.ModelAndView org.springframework.boot.autoconfigure.web.servlet.error.BasicErrorController.errorHtml(javax.servlet.http.HttpServletRequest,javax.servlet.http.HttpServletResponse)
2018-07-12 01:16:18.173  INFO 2596 --- [main] o.s.w.s.handler.SimpleUrlHandlerMapping  : Mapped URL path [/webjars/**] onto handler of type [class org.springframework.web.servlet.resource.ResourceHttpRequestHandler]
2018-07-12 01:16:18.173  INFO 2596 --- [main] o.s.w.s.handler.SimpleUrlHandlerMapping  : Mapped URL path [/**] onto handler of type [class org.springframework.web.servlet.resource.ResourceHttpRequestHandler]
2018-07-12 01:16:18.403  INFO 2596 --- [main] o.s.w.s.handler.SimpleUrlHandlerMapping  : Mapped URL path [/**/favicon.ico] onto handler of type [class org.springframework.web.servlet.resource.ResourceHttpRequestHandler]
2018-07-12 01:16:19.738  INFO 2596 --- [main] o.s.j.e.a.AnnotationMBeanExporter        : Registering beans for JMX exposure on startup
2018-07-12 01:16:19.741  INFO 2596 --- [main] o.s.j.e.a.AnnotationMBeanExporter        : Bean with name 'statFilter' has been autodetected for JMX exposure
2018-07-12 01:16:19.741  INFO 2596 --- [main] o.s.j.e.a.AnnotationMBeanExporter        : Bean with name 'dataSource' has been autodetected for JMX exposure
2018-07-12 01:16:19.758  INFO 2596 --- [main] o.s.j.e.a.AnnotationMBeanExporter        : Located MBean 'dataSource': registering with JMX server as MBean [com.alibaba.druid.spring.boot.autoconfigure:name=dataSource,type=DruidDataSourceWrapper]
2018-07-12 01:16:19.760  INFO 2596 --- [main] o.s.j.e.a.AnnotationMBeanExporter        : Located MBean 'statFilter': registering with JMX server as MBean [com.alibaba.druid.filter.stat:name=statFilter,type=StatFilter]
2018-07-12 01:16:20.372  INFO 2596 --- [main] o.s.b.w.embedded.tomcat.TomcatWebServer  : Tomcat started on port(s): 8080 (http) with context path ''
2018-07-12 01:16:20.434  INFO 2596 --- [main] com.kanma.MybatisDemoApplication         : Started MybatisDemoApplication in 33.491 seconds (JVM running for 58.693)
2018-07-12 01:16:28.466  INFO 2596 --- [http-nio-8080-exec-1] o.a.c.c.C.[Tomcat].[localhost].[/]       : Initializing Spring FrameworkServlet 'dispatcherServlet'
2018-07-12 01:16:28.467  INFO 2596 --- [http-nio-8080-exec-1] o.s.web.servlet.DispatcherServlet        : FrameworkServlet 'dispatcherServlet': initialization started
2018-07-12 01:16:28.517  INFO 2596 --- [http-nio-8080-exec-1] o.s.web.servlet.DispatcherServlet        : FrameworkServlet 'dispatcherServlet': initialization completed in 50 ms
2018-07-12 01:16:28.999 DEBUG 2596 --- [http-nio-8080-exec-1] .k.m.O.findOrdersAndOrderDetailResultMap : ==>  Preparing: SELECT orders.*, user.username, user.sex, user.address, orderdetail.id orderdetail_id, orderdetail.items_id, orderdetail.items_num, orderdetail.orders_id FROM orders, user, orderdetail WHERE orderdetail.orders_id=orders.id AND orders.user_id = user.id 
2018-07-12 01:16:29.107 DEBUG 2596 --- [http-nio-8080-exec-1] .k.m.O.findOrdersAndOrderDetailResultMap : ==> Parameters: 
2018-07-12 01:16:29.493 DEBUG 2596 --- [http-nio-8080-exec-1] .k.m.O.findOrdersAndOrderDetailResultMap : <==      Total: 4
2018-07-12 01:16:29.556  INFO 2596 --- [http-nio-8080-exec-1] com.kanma.controller.OrdersController    : 查询结果集[com.kanma.model.Orders@473fa9ea, com.kanma.model.Orders@26582b0d]
2018-07-12 01:16:29.557 DEBUG 2596 --- [http-nio-8080-exec-1] .k.m.O.findOrdersAndOrderDetailResultMap : ==>  Preparing: SELECT orders.*, user.username, user.sex, user.address, orderdetail.id orderdetail_id, orderdetail.items_id, orderdetail.items_num, orderdetail.orders_id FROM orders, user, orderdetail WHERE orderdetail.orders_id=orders.id AND orders.user_id = user.id 
2018-07-12 01:16:29.557 DEBUG 2596 --- [http-nio-8080-exec-1] .k.m.O.findOrdersAndOrderDetailResultMap : ==> Parameters: 
2018-07-12 01:16:29.564 DEBUG 2596 --- [http-nio-8080-exec-1] .k.m.O.findOrdersAndOrderDetailResultMap : <==      Total: 4
2018-07-12 01:19:44.472  INFO 1984 --- [main] com.kanma.MybatisDemoApplication         : Starting MybatisDemoApplication on DESKTOP-MaKang with PID 1984 (D:\Projects\IdeaProjects\mybatis-demo\target\classes started by MaKang in D:\Projects\IdeaProjects\mybatis-demo)
2018-07-12 01:19:44.582  INFO 1984 --- [main] com.kanma.MybatisDemoApplication         : No active profile set, falling back to default profiles: default
2018-07-12 01:19:44.971  INFO 1984 --- [main] ConfigServletWebServerApplicationContext : Refreshing org.springframework.boot.web.servlet.context.AnnotationConfigServletWebServerApplicationContext@43b6123e: startup date [Thu Jul 12 01:19:44 CST 2018]; root of context hierarchy
2018-07-12 01:19:48.945  INFO 1984 --- [main] o.s.b.w.embedded.tomcat.TomcatWebServer  : Tomcat initialized with port(s): 8080 (http)
2018-07-12 01:19:49.024  INFO 1984 --- [main] o.apache.catalina.core.StandardService   : Starting service [Tomcat]
2018-07-12 01:19:49.024  INFO 1984 --- [main] org.apache.catalina.core.StandardEngine  : Starting Servlet Engine: Apache Tomcat/8.5.28
2018-07-12 01:19:49.055  INFO 1984 --- [localhost-startStop-1] o.a.catalina.core.AprLifecycleListener   : The APR based Apache Tomcat Native library which allows optimal performance in production environments was not found on the java.library.path: [D:\Program Files\Java\jdk1.8.0_162\bin;C:\WINDOWS\Sun\Java\bin;C:\WINDOWS\system32;C:\WINDOWS;C:\WINDOWS\system32;C:\WINDOWS;C:\WINDOWS\System32\Wbem;C:\WINDOWS\System32\WindowsPowerShell\v1.0\;D:\Program Files\Java\jdk1.8.0_162\bin;D:\Program Files\MySQL\MySQL Server 5.7\bin;D:\Program Files\nodejs\;D:\Program Files\maven-3.5.3\bin;C:\Program Files\Git\cmd;C:\WINDOWS\System32\OpenSSH\;C:\Users\MaKang\AppData\Local\Microsoft\WindowsApps;;D:\Program Files\Microsoft VS Code\bin;C:\Users\MaKang\AppData\Roaming\npm;.]
2018-07-12 01:19:50.224  INFO 1984 --- [localhost-startStop-1] o.a.c.c.C.[Tomcat].[localhost].[/]       : Initializing Spring embedded WebApplicationContext
2018-07-12 01:19:50.224  INFO 1984 --- [localhost-startStop-1] o.s.web.context.ContextLoader            : Root WebApplicationContext: initialization completed in 5253 ms
2018-07-12 01:19:50.545  INFO 1984 --- [localhost-startStop-1] o.s.b.w.servlet.ServletRegistrationBean  : Servlet dispatcherServlet mapped to [/]
2018-07-12 01:19:50.545  INFO 1984 --- [localhost-startStop-1] o.s.b.w.servlet.ServletRegistrationBean  : Servlet statViewServlet mapped to [/druid/*]
2018-07-12 01:19:50.561  INFO 1984 --- [localhost-startStop-1] o.s.b.w.servlet.FilterRegistrationBean   : Mapping filter: 'characterEncodingFilter' to: [/*]
2018-07-12 01:19:50.561  INFO 1984 --- [localhost-startStop-1] o.s.b.w.servlet.FilterRegistrationBean   : Mapping filter: 'hiddenHttpMethodFilter' to: [/*]
2018-07-12 01:19:50.561  INFO 1984 --- [localhost-startStop-1] o.s.b.w.servlet.FilterRegistrationBean   : Mapping filter: 'httpPutFormContentFilter' to: [/*]
2018-07-12 01:19:50.561  INFO 1984 --- [localhost-startStop-1] o.s.b.w.servlet.FilterRegistrationBean   : Mapping filter: 'requestContextFilter' to: [/*]
2018-07-12 01:19:50.561  INFO 1984 --- [localhost-startStop-1] o.s.b.w.servlet.FilterRegistrationBean   : Mapping filter: 'webStatFilter' to urls: [/*]
2018-07-12 01:19:50.749  INFO 1984 --- [main] c.a.d.s.b.a.DruidDataSourceAutoConfigure : Init DruidDataSource
2018-07-12 01:19:51.739  INFO 1984 --- [main] com.alibaba.druid.pool.DruidDataSource   : {dataSource-1} inited
2018-07-12 01:19:53.410  INFO 1984 --- [main] s.w.s.m.m.a.RequestMappingHandlerAdapter : Looking for @ControllerAdvice: org.springframework.boot.web.servlet.context.AnnotationConfigServletWebServerApplicationContext@43b6123e: startup date [Thu Jul 12 01:19:44 CST 2018]; root of context hierarchy
2018-07-12 01:19:53.554  INFO 1984 --- [main] s.w.s.m.m.a.RequestMappingHandlerMapping : Mapped "{[/items/add],methods=[POST]}" onto public int com.kanma.controller.ItemsController.addUser(com.kanma.model.User)
2018-07-12 01:19:53.570  INFO 1984 --- [main] s.w.s.m.m.a.RequestMappingHandlerMapping : Mapped "{[/items/list],methods=[GET]}" onto public java.util.List<com.kanma.model.ItemsDomain> com.kanma.controller.ItemsController.findAll()
2018-07-12 01:19:53.570  INFO 1984 --- [main] s.w.s.m.m.a.RequestMappingHandlerMapping : Mapped "{[/user/{id}],methods=[GET]}" onto public com.kanma.model.User com.kanma.controller.ItemsController.selectUserById(java.lang.Integer)
2018-07-12 01:19:53.570  INFO 1984 --- [main] s.w.s.m.m.a.RequestMappingHandlerMapping : Mapped "{[/orders],methods=[GET]}" onto public java.util.List<com.kanma.model.Orders> com.kanma.controller.OrdersController.findOrdersUser()
2018-07-12 01:19:53.570  INFO 1984 --- [main] s.w.s.m.m.a.RequestMappingHandlerMapping : Mapped "{[/orders/details],methods=[GET]}" onto public java.util.List<com.kanma.model.Orders> com.kanma.controller.OrdersController.findOrdersAndDetails()
2018-07-12 01:19:53.570  INFO 1984 --- [main] s.w.s.m.m.a.RequestMappingHandlerMapping : Mapped "{[/error]}" onto public org.springframework.http.ResponseEntity<java.util.Map<java.lang.String, java.lang.Object>> org.springframework.boot.autoconfigure.web.servlet.error.BasicErrorController.error(javax.servlet.http.HttpServletRequest)
2018-07-12 01:19:53.570  INFO 1984 --- [main] s.w.s.m.m.a.RequestMappingHandlerMapping : Mapped "{[/error],produces=[text/html]}" onto public org.springframework.web.servlet.ModelAndView org.springframework.boot.autoconfigure.web.servlet.error.BasicErrorController.errorHtml(javax.servlet.http.HttpServletRequest,javax.servlet.http.HttpServletResponse)
2018-07-12 01:19:53.693  INFO 1984 --- [main] o.s.w.s.handler.SimpleUrlHandlerMapping  : Mapped URL path [/webjars/**] onto handler of type [class org.springframework.web.servlet.resource.ResourceHttpRequestHandler]
2018-07-12 01:19:53.693  INFO 1984 --- [main] o.s.w.s.handler.SimpleUrlHandlerMapping  : Mapped URL path [/**] onto handler of type [class org.springframework.web.servlet.resource.ResourceHttpRequestHandler]
2018-07-12 01:19:53.833  INFO 1984 --- [main] o.s.w.s.handler.SimpleUrlHandlerMapping  : Mapped URL path [/**/favicon.ico] onto handler of type [class org.springframework.web.servlet.resource.ResourceHttpRequestHandler]
2018-07-12 01:19:54.833  INFO 1984 --- [main] o.s.j.e.a.AnnotationMBeanExporter        : Registering beans for JMX exposure on startup
2018-07-12 01:19:54.833  INFO 1984 --- [main] o.s.j.e.a.AnnotationMBeanExporter        : Bean with name 'statFilter' has been autodetected for JMX exposure
2018-07-12 01:19:54.833  INFO 1984 --- [main] o.s.j.e.a.AnnotationMBeanExporter        : Bean with name 'dataSource' has been autodetected for JMX exposure
2018-07-12 01:19:54.849  INFO 1984 --- [main] o.s.j.e.a.AnnotationMBeanExporter        : Located MBean 'dataSource': registering with JMX server as MBean [com.alibaba.druid.spring.boot.autoconfigure:name=dataSource,type=DruidDataSourceWrapper]
2018-07-12 01:19:54.849  INFO 1984 --- [main] o.s.j.e.a.AnnotationMBeanExporter        : Located MBean 'statFilter': registering with JMX server as MBean [com.alibaba.druid.filter.stat:name=statFilter,type=StatFilter]
2018-07-12 01:19:54.939  INFO 1984 --- [main] o.s.b.w.embedded.tomcat.TomcatWebServer  : Tomcat started on port(s): 8080 (http) with context path ''
2018-07-12 01:19:54.948  INFO 1984 --- [main] com.kanma.MybatisDemoApplication         : Started MybatisDemoApplication in 12.931 seconds (JVM running for 20.065)
2018-07-12 01:20:06.598  INFO 1984 --- [http-nio-8080-exec-1] o.a.c.c.C.[Tomcat].[localhost].[/]       : Initializing Spring FrameworkServlet 'dispatcherServlet'
2018-07-12 01:20:06.598  INFO 1984 --- [http-nio-8080-exec-1] o.s.web.servlet.DispatcherServlet        : FrameworkServlet 'dispatcherServlet': initialization started
2018-07-12 01:20:06.645  INFO 1984 --- [http-nio-8080-exec-1] o.s.web.servlet.DispatcherServlet        : FrameworkServlet 'dispatcherServlet': initialization completed in 47 ms
2018-07-12 01:20:06.950  INFO 1984 --- [http-nio-8080-exec-1] com.kanma.controller.OrdersController    : 查询结果集[com.kanma.model.Orders@7cea9267, com.kanma.model.Orders@4f0656b1]
2018-07-12 01:27:56.432  INFO 7964 --- [main] com.kanma.MybatisDemoApplication         : Starting MybatisDemoApplication on DESKTOP-MaKang with PID 7964 (D:\Projects\IdeaProjects\mybatis-demo\target\classes started by MaKang in D:\Projects\IdeaProjects\mybatis-demo)
2018-07-12 01:27:56.463  INFO 7964 --- [main] com.kanma.MybatisDemoApplication         : No active profile set, falling back to default profiles: default
2018-07-12 01:27:56.604  INFO 7964 --- [main] ConfigServletWebServerApplicationContext : Refreshing org.springframework.boot.web.servlet.context.AnnotationConfigServletWebServerApplicationContext@2c7b5824: startup date [Thu Jul 12 01:27:56 CST 2018]; root of context hierarchy
2018-07-12 01:27:59.164  INFO 7964 --- [main] o.s.b.w.embedded.tomcat.TomcatWebServer  : Tomcat initialized with port(s): 8080 (http)
2018-07-12 01:27:59.211  INFO 7964 --- [main] o.apache.catalina.core.StandardService   : Starting service [Tomcat]
2018-07-12 01:27:59.211  INFO 7964 --- [main] org.apache.catalina.core.StandardEngine  : Starting Servlet Engine: Apache Tomcat/8.5.28
2018-07-12 01:27:59.226  INFO 7964 --- [localhost-startStop-1] o.a.catalina.core.AprLifecycleListener   : The APR based Apache Tomcat Native library which allows optimal performance in production environments was not found on the java.library.path: [D:\Program Files\Java\jdk1.8.0_162\bin;C:\WINDOWS\Sun\Java\bin;C:\WINDOWS\system32;C:\WINDOWS;C:\WINDOWS\system32;C:\WINDOWS;C:\WINDOWS\System32\Wbem;C:\WINDOWS\System32\WindowsPowerShell\v1.0\;D:\Program Files\Java\jdk1.8.0_162\bin;D:\Program Files\MySQL\MySQL Server 5.7\bin;D:\Program Files\nodejs\;D:\Program Files\maven-3.5.3\bin;C:\Program Files\Git\cmd;C:\WINDOWS\System32\OpenSSH\;C:\Users\MaKang\AppData\Local\Microsoft\WindowsApps;;D:\Program Files\Microsoft VS Code\bin;C:\Users\MaKang\AppData\Roaming\npm;.]
2018-07-12 01:27:59.398  INFO 7964 --- [localhost-startStop-1] o.a.c.c.C.[Tomcat].[localhost].[/]       : Initializing Spring embedded WebApplicationContext
2018-07-12 01:27:59.398  INFO 7964 --- [localhost-startStop-1] o.s.web.context.ContextLoader            : Root WebApplicationContext: initialization completed in 2794 ms
2018-07-12 01:27:59.711  INFO 7964 --- [localhost-startStop-1] o.s.b.w.servlet.ServletRegistrationBean  : Servlet dispatcherServlet mapped to [/]
2018-07-12 01:27:59.711  INFO 7964 --- [localhost-startStop-1] o.s.b.w.servlet.ServletRegistrationBean  : Servlet statViewServlet mapped to [/druid/*]
2018-07-12 01:27:59.726  INFO 7964 --- [localhost-startStop-1] o.s.b.w.servlet.FilterRegistrationBean   : Mapping filter: 'characterEncodingFilter' to: [/*]
2018-07-12 01:27:59.726  INFO 7964 --- [localhost-startStop-1] o.s.b.w.servlet.FilterRegistrationBean   : Mapping filter: 'hiddenHttpMethodFilter' to: [/*]
2018-07-12 01:27:59.726  INFO 7964 --- [localhost-startStop-1] o.s.b.w.servlet.FilterRegistrationBean   : Mapping filter: 'httpPutFormContentFilter' to: [/*]
2018-07-12 01:27:59.726  INFO 7964 --- [localhost-startStop-1] o.s.b.w.servlet.FilterRegistrationBean   : Mapping filter: 'requestContextFilter' to: [/*]
2018-07-12 01:27:59.726  INFO 7964 --- [localhost-startStop-1] o.s.b.w.servlet.FilterRegistrationBean   : Mapping filter: 'webStatFilter' to urls: [/*]
2018-07-12 01:28:00.000  INFO 7964 --- [main] c.a.d.s.b.a.DruidDataSourceAutoConfigure : Init DruidDataSource
2018-07-12 01:28:01.004  INFO 7964 --- [main] com.alibaba.druid.pool.DruidDataSource   : {dataSource-1} inited
2018-07-12 01:28:01.970  INFO 7964 --- [main] s.w.s.m.m.a.RequestMappingHandlerAdapter : Looking for @ControllerAdvice: org.springframework.boot.web.servlet.context.AnnotationConfigServletWebServerApplicationContext@2c7b5824: startup date [Thu Jul 12 01:27:56 CST 2018]; root of context hierarchy
2018-07-12 01:28:02.110  INFO 7964 --- [main] s.w.s.m.m.a.RequestMappingHandlerMapping : Mapped "{[/items/add],methods=[POST]}" onto public int com.kanma.controller.ItemsController.addUser(com.kanma.model.User)
2018-07-12 01:28:02.110  INFO 7964 --- [main] s.w.s.m.m.a.RequestMappingHandlerMapping : Mapped "{[/items/list],methods=[GET]}" onto public java.util.List<com.kanma.model.ItemsDomain> com.kanma.controller.ItemsController.findAll()
2018-07-12 01:28:02.110  INFO 7964 --- [main] s.w.s.m.m.a.RequestMappingHandlerMapping : Mapped "{[/user/{id}],methods=[GET]}" onto public com.kanma.model.User com.kanma.controller.ItemsController.selectUserById(java.lang.Integer)
2018-07-12 01:28:02.110  INFO 7964 --- [main] s.w.s.m.m.a.RequestMappingHandlerMapping : Mapped "{[/orders/details],methods=[GET]}" onto public java.util.List<com.kanma.model.Orders> com.kanma.controller.OrdersController.findOrdersAndDetails()
2018-07-12 01:28:02.110  INFO 7964 --- [main] s.w.s.m.m.a.RequestMappingHandlerMapping : Mapped "{[/orders],methods=[GET]}" onto public java.util.List<com.kanma.model.Orders> com.kanma.controller.OrdersController.findOrdersUser()
2018-07-12 01:28:02.126  INFO 7964 --- [main] s.w.s.m.m.a.RequestMappingHandlerMapping : Mapped "{[/error]}" onto public org.springframework.http.ResponseEntity<java.util.Map<java.lang.String, java.lang.Object>> org.springframework.boot.autoconfigure.web.servlet.error.BasicErrorController.error(javax.servlet.http.HttpServletRequest)
2018-07-12 01:28:02.126  INFO 7964 --- [main] s.w.s.m.m.a.RequestMappingHandlerMapping : Mapped "{[/error],produces=[text/html]}" onto public org.springframework.web.servlet.ModelAndView org.springframework.boot.autoconfigure.web.servlet.error.BasicErrorController.errorHtml(javax.servlet.http.HttpServletRequest,javax.servlet.http.HttpServletResponse)
2018-07-12 01:28:02.235  INFO 7964 --- [main] o.s.w.s.handler.SimpleUrlHandlerMapping  : Mapped URL path [/webjars/**] onto handler of type [class org.springframework.web.servlet.resource.ResourceHttpRequestHandler]
2018-07-12 01:28:02.235  INFO 7964 --- [main] o.s.w.s.handler.SimpleUrlHandlerMapping  : Mapped URL path [/**] onto handler of type [class org.springframework.web.servlet.resource.ResourceHttpRequestHandler]
2018-07-12 01:28:02.329  INFO 7964 --- [main] o.s.w.s.handler.SimpleUrlHandlerMapping  : Mapped URL path [/**/favicon.ico] onto handler of type [class org.springframework.web.servlet.resource.ResourceHttpRequestHandler]
2018-07-12 01:28:03.103  INFO 7964 --- [main] o.s.j.e.a.AnnotationMBeanExporter        : Registering beans for JMX exposure on startup
2018-07-12 01:28:03.103  INFO 7964 --- [main] o.s.j.e.a.AnnotationMBeanExporter        : Bean with name 'statFilter' has been autodetected for JMX exposure
2018-07-12 01:28:03.103  INFO 7964 --- [main] o.s.j.e.a.AnnotationMBeanExporter        : Bean with name 'dataSource' has been autodetected for JMX exposure
2018-07-12 01:28:03.103  INFO 7964 --- [main] o.s.j.e.a.AnnotationMBeanExporter        : Located MBean 'dataSource': registering with JMX server as MBean [com.alibaba.druid.spring.boot.autoconfigure:name=dataSource,type=DruidDataSourceWrapper]
2018-07-12 01:28:03.119  INFO 7964 --- [main] o.s.j.e.a.AnnotationMBeanExporter        : Located MBean 'statFilter': registering with JMX server as MBean [com.alibaba.druid.filter.stat:name=statFilter,type=StatFilter]
2018-07-12 01:28:03.181  INFO 7964 --- [main] o.s.b.w.embedded.tomcat.TomcatWebServer  : Tomcat started on port(s): 8080 (http) with context path ''
2018-07-12 01:28:03.181  INFO 7964 --- [main] com.kanma.MybatisDemoApplication         : Started MybatisDemoApplication in 8.428 seconds (JVM running for 10.723)
2018-07-12 01:28:09.018  INFO 7964 --- [http-nio-8080-exec-2] o.a.c.c.C.[Tomcat].[localhost].[/]       : Initializing Spring FrameworkServlet 'dispatcherServlet'
2018-07-12 01:28:09.018  INFO 7964 --- [http-nio-8080-exec-2] o.s.web.servlet.DispatcherServlet        : FrameworkServlet 'dispatcherServlet': initialization started
2018-07-12 01:28:09.065  INFO 7964 --- [http-nio-8080-exec-2] o.s.web.servlet.DispatcherServlet        : FrameworkServlet 'dispatcherServlet': initialization completed in 47 ms
2018-07-12 01:43:12.938  INFO 12280 --- [main] com.kanma.MybatisDemoApplication         : Starting MybatisDemoApplication on DESKTOP-MaKang with PID 12280 (D:\Projects\IdeaProjects\mybatis-demo\target\classes started by MaKang in D:\Projects\IdeaProjects\mybatis-demo)
2018-07-12 01:43:12.938  INFO 12280 --- [main] com.kanma.MybatisDemoApplication         : No active profile set, falling back to default profiles: default
2018-07-12 01:43:13.026  INFO 12280 --- [main] ConfigServletWebServerApplicationContext : Refreshing org.springframework.boot.web.servlet.context.AnnotationConfigServletWebServerApplicationContext@2d2ffcb7: startup date [Thu Jul 12 01:43:13 CST 2018]; root of context hierarchy
2018-07-12 01:43:15.773  INFO 12280 --- [main] o.s.b.w.embedded.tomcat.TomcatWebServer  : Tomcat initialized with port(s): 8080 (http)
2018-07-12 01:43:15.844  INFO 12280 --- [main] o.apache.catalina.core.StandardService   : Starting service [Tomcat]
2018-07-12 01:43:15.845  INFO 12280 --- [main] org.apache.catalina.core.StandardEngine  : Starting Servlet Engine: Apache Tomcat/8.5.28
2018-07-12 01:43:15.857  INFO 12280 --- [localhost-startStop-1] o.a.catalina.core.AprLifecycleListener   : The APR based Apache Tomcat Native library which allows optimal performance in production environments was not found on the java.library.path: [D:\Program Files\Java\jdk1.8.0_162\bin;C:\WINDOWS\Sun\Java\bin;C:\WINDOWS\system32;C:\WINDOWS;C:\WINDOWS\system32;C:\WINDOWS;C:\WINDOWS\System32\Wbem;C:\WINDOWS\System32\WindowsPowerShell\v1.0\;D:\Program Files\Java\jdk1.8.0_162\bin;D:\Program Files\MySQL\MySQL Server 5.7\bin;D:\Program Files\nodejs\;D:\Program Files\maven-3.5.3\bin;C:\Program Files\Git\cmd;C:\WINDOWS\System32\OpenSSH\;C:\Users\MaKang\AppData\Local\Microsoft\WindowsApps;;D:\Program Files\Microsoft VS Code\bin;C:\Users\MaKang\AppData\Roaming\npm;.]
2018-07-12 01:43:16.151  INFO 12280 --- [localhost-startStop-1] o.a.c.c.C.[Tomcat].[localhost].[/]       : Initializing Spring embedded WebApplicationContext
2018-07-12 01:43:16.151  INFO 12280 --- [localhost-startStop-1] o.s.web.context.ContextLoader            : Root WebApplicationContext: initialization completed in 3125 ms
2018-07-12 01:43:16.603  INFO 12280 --- [localhost-startStop-1] o.s.b.w.servlet.ServletRegistrationBean  : Servlet dispatcherServlet mapped to [/]
2018-07-12 01:43:16.608  INFO 12280 --- [localhost-startStop-1] o.s.b.w.servlet.ServletRegistrationBean  : Servlet statViewServlet mapped to [/druid/*]
2018-07-12 01:43:16.618  INFO 12280 --- [localhost-startStop-1] o.s.b.w.servlet.FilterRegistrationBean   : Mapping filter: 'characterEncodingFilter' to: [/*]
2018-07-12 01:43:16.619  INFO 12280 --- [localhost-startStop-1] o.s.b.w.servlet.FilterRegistrationBean   : Mapping filter: 'hiddenHttpMethodFilter' to: [/*]
2018-07-12 01:43:16.620  INFO 12280 --- [localhost-startStop-1] o.s.b.w.servlet.FilterRegistrationBean   : Mapping filter: 'httpPutFormContentFilter' to: [/*]
2018-07-12 01:43:16.620  INFO 12280 --- [localhost-startStop-1] o.s.b.w.servlet.FilterRegistrationBean   : Mapping filter: 'requestContextFilter' to: [/*]
2018-07-12 01:43:16.621  INFO 12280 --- [localhost-startStop-1] o.s.b.w.servlet.FilterRegistrationBean   : Mapping filter: 'webStatFilter' to urls: [/*]
2018-07-12 01:43:17.010  INFO 12280 --- [main] c.a.d.s.b.a.DruidDataSourceAutoConfigure : Init DruidDataSource
2018-07-12 01:43:18.363  INFO 12280 --- [main] com.alibaba.druid.pool.DruidDataSource   : {dataSource-1} inited
2018-07-12 01:43:20.408  INFO 12280 --- [main] s.w.s.m.m.a.RequestMappingHandlerAdapter : Looking for @ControllerAdvice: org.springframework.boot.web.servlet.context.AnnotationConfigServletWebServerApplicationContext@2d2ffcb7: startup date [Thu Jul 12 01:43:13 CST 2018]; root of context hierarchy
2018-07-12 01:43:20.492  INFO 12280 --- [main] s.w.s.m.m.a.RequestMappingHandlerMapping : Mapped "{[/items/list],methods=[GET]}" onto public java.util.List<com.kanma.model.ItemsDomain> com.kanma.controller.ItemsController.findAll()
2018-07-12 01:43:20.495  INFO 12280 --- [main] s.w.s.m.m.a.RequestMappingHandlerMapping : Mapped "{[/user/{id}],methods=[GET]}" onto public com.kanma.model.User com.kanma.controller.ItemsController.selectUserById(java.lang.Integer)
2018-07-12 01:43:20.496  INFO 12280 --- [main] s.w.s.m.m.a.RequestMappingHandlerMapping : Mapped "{[/items/add],methods=[POST]}" onto public int com.kanma.controller.ItemsController.addUser(com.kanma.model.User)
2018-07-12 01:43:20.497  INFO 12280 --- [main] s.w.s.m.m.a.RequestMappingHandlerMapping : Mapped "{[/orders/details],methods=[GET]}" onto public java.util.List<com.kanma.model.Orders> com.kanma.controller.OrdersController.findOrdersAndDetails()
2018-07-12 01:43:20.497  INFO 12280 --- [main] s.w.s.m.m.a.RequestMappingHandlerMapping : Mapped "{[/orders],methods=[GET]}" onto public java.util.List<com.kanma.model.Orders> com.kanma.controller.OrdersController.findOrdersUser()
2018-07-12 01:43:20.504  INFO 12280 --- [main] s.w.s.m.m.a.RequestMappingHandlerMapping : Mapped "{[/error]}" onto public org.springframework.http.ResponseEntity<java.util.Map<java.lang.String, java.lang.Object>> org.springframework.boot.autoconfigure.web.servlet.error.BasicErrorController.error(javax.servlet.http.HttpServletRequest)
2018-07-12 01:43:20.506  INFO 12280 --- [main] s.w.s.m.m.a.RequestMappingHandlerMapping : Mapped "{[/error],produces=[text/html]}" onto public org.springframework.web.servlet.ModelAndView org.springframework.boot.autoconfigure.web.servlet.error.BasicErrorController.errorHtml(javax.servlet.http.HttpServletRequest,javax.servlet.http.HttpServletResponse)
2018-07-12 01:43:20.563  INFO 12280 --- [main] o.s.w.s.handler.SimpleUrlHandlerMapping  : Mapped URL path [/webjars/**] onto handler of type [class org.springframework.web.servlet.resource.ResourceHttpRequestHandler]
2018-07-12 01:43:20.563  INFO 12280 --- [main] o.s.w.s.handler.SimpleUrlHandlerMapping  : Mapped URL path [/**] onto handler of type [class org.springframework.web.servlet.resource.ResourceHttpRequestHandler]
2018-07-12 01:43:20.634  INFO 12280 --- [main] o.s.w.s.handler.SimpleUrlHandlerMapping  : Mapped URL path [/**/favicon.ico] onto handler of type [class org.springframework.web.servlet.resource.ResourceHttpRequestHandler]
2018-07-12 01:43:20.961  INFO 12280 --- [main] o.s.j.e.a.AnnotationMBeanExporter        : Registering beans for JMX exposure on startup
2018-07-12 01:43:20.963  INFO 12280 --- [main] o.s.j.e.a.AnnotationMBeanExporter        : Bean with name 'statFilter' has been autodetected for JMX exposure
2018-07-12 01:43:20.963  INFO 12280 --- [main] o.s.j.e.a.AnnotationMBeanExporter        : Bean with name 'dataSource' has been autodetected for JMX exposure
2018-07-12 01:43:20.973  INFO 12280 --- [main] o.s.j.e.a.AnnotationMBeanExporter        : Located MBean 'dataSource': registering with JMX server as MBean [com.alibaba.druid.spring.boot.autoconfigure:name=dataSource,type=DruidDataSourceWrapper]
2018-07-12 01:43:20.977  INFO 12280 --- [main] o.s.j.e.a.AnnotationMBeanExporter        : Located MBean 'statFilter': registering with JMX server as MBean [com.alibaba.druid.filter.stat:name=statFilter,type=StatFilter]
2018-07-12 01:43:21.035  INFO 12280 --- [main] o.s.b.w.embedded.tomcat.TomcatWebServer  : Tomcat started on port(s): 8080 (http) with context path ''
2018-07-12 01:43:21.039  INFO 12280 --- [main] com.kanma.MybatisDemoApplication         : Started MybatisDemoApplication in 8.771 seconds (JVM running for 14.431)
2018-07-12 01:43:26.224  INFO 12280 --- [http-nio-8080-exec-3] o.a.c.c.C.[Tomcat].[localhost].[/]       : Initializing Spring FrameworkServlet 'dispatcherServlet'
2018-07-12 01:43:26.226  INFO 12280 --- [http-nio-8080-exec-3] o.s.web.servlet.DispatcherServlet        : FrameworkServlet 'dispatcherServlet': initialization started
2018-07-12 01:43:26.258  INFO 12280 --- [http-nio-8080-exec-3] o.s.web.servlet.DispatcherServlet        : FrameworkServlet 'dispatcherServlet': initialization completed in 31 ms
